-------------------------------------------------------------------------------
Test set: test.java.TestMultiply
-------------------------------------------------------------------------------
Tests run: 2, Failures: 1, Errors: 0, Skipped: 0, Time elapsed: 3.307 s <<< FAILURE! - in test.java.TestMultiply
multiply(test.java.TestMultiply)  Time elapsed: 1.74 s  <<< FAILURE!
java.lang.AssertionError
	at test.java.TestMultiply.multiply(TestMultiply.java:38)

