<?xml version="1.0" encoding="UTF-8"?>
<testsuite xmlns:xsi="http://www.w3.org/2001/XMLSchema-instance" xsi:noNamespaceSchemaLocation="https://maven.apache.org/surefire/maven-surefire-plugin/xsd/surefire-test-report.xsd" name="test.java.TestMultiply" time="2.994" tests="2" errors="0" skipped="0" failures="0">
  <properties>
[...]
</properties>
  <testcase name="add" classname="test.java.TestMultiply" time="1.202"/>
  <testcase name="multiply" classname="test.java.TestMultiply" time="1.7"/>
</testsuite>